<?xml version="1.0" encoding="UTF-8" ?>
<testsuite errors="0" failures="1" hostname="ubuntu" name="com.test.WebAndroid" skipped="0" tests="1" time="0.281" timestamp="2016-01-18T05:21:42">
  <properties>
[...]
</properties>
  <testcase classname="junit.framework.TestSuite$1" name="warning" time="0.027">
    <failure message="No tests found in com.test.WebAndroid" type="junit.framework.AssertionFailedError">junit.framework.AssertionFailedError: No tests found in com.test.WebAndroid
</failure>
  </testcase>
  <system-out><![CDATA[]]></system-out>
  <system-err><![CDATA[]]></system-err>
</testsuite>
